# JRE version: Java(TM) SE Runtime Environment (8.0_121-b13) (build 1.8.0_121-b13)
# Java VM: Java HotSpot(TM) 64-Bit Server VM (25.121-b13 mixed mode windows-amd64 compressed oops)
Heap:
 PSYoungGen      total 289280K, used 89098K [0x000000076bf80000, 0x000000077f900000, 0x00000007c0000000)
  eden space 274944K, 27% used [0x000000076bf80000,0x00000007708b9bb0,0x000000077cc00000)
  from space 14336K, 98% used [0x000000077eb00000,0x000000077f8c8d80,0x000000077f900000)
  to   space 18432K, 0% used [0x000000077d500000,0x000000077d500000,0x000000077e700000)
 ParOldGen       total 201216K, used 21643K [0x00000006c3e00000, 0x00000006d0280000, 0x000000076bf80000)
  object space 201216K, 10% used [0x00000006c3e00000,0x00000006c5322d68,0x00000006d0280000)
 Metaspace       used 60286K, capacity 64140K, committed 64256K, reserved 1103872K
  class space    used 8208K, capacity 8875K, committed 8960K, reserved 1048576K
GC Heap History (10 events):
Event: 5.004 GC heap before
{Heap before GC invocations=9 (full 2):
 PSYoungGen      total 152576K, used 8225K [0x000000076bf80000, 0x000000077b980000, 0x00000007c0000000)
  eden space 138752K, 0% used [0x000000076bf80000,0x000000076bf80000,0x0000000774700000)
  from space 13824K, 59% used [0x0000000774700000,0x0000000774f08458,0x0000000775480000)
  to   space 13312K, 0% used [0x000000077ac80000,0x000000077ac80000,0x000000077b980000)
 ParOldGen       total 103424K, used 7060K [0x00000006c3e00000, 0x00000006ca300000, 0x000000076bf80000)
  object space 103424K, 6% used [0x00000006c3e00000,0x00000006c44e5320,0x00000006ca300000)
 Metaspace       used 33156K, capacity 35402K, committed 35416K, reserved 1079296K
  class space    used 4307K, capacity 4723K, committed 4736K, reserved 1048576K
Event: 5.072 GC heap after
Heap after GC invocations=9 (full 2):
 PSYoungGen      total 152576K, used 0K [0x000000076bf80000, 0x000000077b980000, 0x00000007c0000000)
  eden space 138752K, 0% used [0x000000076bf80000,0x000000076bf80000,0x0000000774700000)
  from space 13824K, 0% used [0x0000000774700000,0x0000000774700000,0x0000000775480000)
  to   space 13312K, 0% used [0x000000077ac80000,0x000000077ac80000,0x000000077b980000)
 ParOldGen       total 144896K, used 12436K [0x00000006c3e00000, 0x00000006ccb80000, 0x000000076bf80000)
  object space 144896K, 8% used [0x00000006c3e00000,0x00000006c4a251e8,0x00000006ccb80000)
 Metaspace       used 33156K, capacity 35402K, committed 35416K, reserved 1079296K
  class space    used 4307K, capacity 4723K, committed 4736K, reserved 1048576K
}
Event: 9.101 GC heap before
{Heap before GC invocations=10 (full 2):
 PSYoungGen      total 152576K, used 138752K [0x000000076bf80000, 0x000000077b980000, 0x00000007c0000000)
  eden space 138752K, 100% used [0x000000076bf80000,0x0000000774700000,0x0000000774700000)
  from space 13824K, 0% used [0x0000000774700000,0x0000000774700000,0x0000000775480000)
  to   space 13312K, 0% used [0x000000077ac80000,0x000000077ac80000,0x000000077b980000)
 ParOldGen       total 144896K, used 12436K [0x00000006c3e00000, 0x00000006ccb80000, 0x000000076bf80000)
  object space 144896K, 8% used [0x00000006c3e00000,0x00000006c4a251e8,0x00000006ccb80000)
 Metaspace       used 51994K, capacity 54718K, committed 55040K, reserved 1097728K
  class space    used 7097K, capacity 7608K, committed 7680K, reserved 1048576K
Event: 9.127 GC heap after
Heap after GC invocations=10 (full 2):
 PSYoungGen      total 231936K, used 13299K [0x000000076bf80000, 0x000000077b980000, 0x00000007c0000000)
  eden space 218624K, 0% used [0x000000076bf80000,0x000000076bf80000,0x0000000779500000)
  from space 13312K, 99% used [0x000000077ac80000,0x000000077b97ccf8,0x000000077b980000)
  to   space 17920K, 0% used [0x0000000779680000,0x0000000779680000,0x000000077a800000)
 ParOldGen       total 144896K, used 19279K [0x00000006c3e00000, 0x00000006ccb80000, 0x000000076bf80000)
  object space 144896K, 13% used [0x00000006c3e00000,0x00000006c50d3f50,0x00000006ccb80000)
 Metaspace       used 51994K, capacity 54718K, committed 55040K, reserved 1097728K
  class space    used 7097K, capacity 7608K, committed 7680K, reserved 1048576K
}
Event: 10.060 GC heap before
{Heap before GC invocations=11 (full 2):
 PSYoungGen      total 231936K, used 71232K [0x000000076bf80000, 0x000000077b980000, 0x00000007c0000000)
  eden space 218624K, 26% used [0x000000076bf80000,0x000000076f8133f8,0x0000000779500000)
  from space 13312K, 99% used [0x000000077ac80000,0x000000077b97ccf8,0x000000077b980000)
  to   space 17920K, 0% used [0x0000000779680000,0x0000000779680000,0x000000077a800000)
 ParOldGen       total 144896K, used 19279K [0x00000006c3e00000, 0x00000006ccb80000, 0x000000076bf80000)
  object space 144896K, 13% used [0x00000006c3e00000,0x00000006c50d3f50,0x00000006ccb80000)
 Metaspace       used 55504K, capacity 58882K, committed 59028K, reserved 1099776K
  class space    used 7600K, capacity 8178K, committed 8192K, reserved 1048576K
Event: 10.072 GC heap after
Heap after GC invocations=11 (full 2):
 PSYoungGen      total 238080K, used 10282K [0x000000076bf80000, 0x000000077fc00000, 0x00000007c0000000)
  eden space 220160K, 0% used [0x000000076bf80000,0x000000076bf80000,0x0000000779680000)
  from space 17920K, 57% used [0x0000000779680000,0x000000077a08ab08,0x000000077a800000)
  to   space 17408K, 0% used [0x000000077eb00000,0x000000077eb00000,0x000000077fc00000)
 ParOldGen       total 144896K, used 19287K [0x00000006c3e00000, 0x00000006ccb80000, 0x000000076bf80000)
  object space 144896K, 13% used [0x00000006c3e00000,0x00000006c50d5f50,0x00000006ccb80000)
 Metaspace       used 55504K, capacity 58882K, committed 59028K, reserved 1099776K
  class space    used 7600K, capacity 8178K, committed 8192K, reserved 1048576K
}
Event: 10.072 GC heap before
{Heap before GC invocations=12 (full 3):
 PSYoungGen      total 238080K, used 10282K [0x000000076bf80000, 0x000000077fc00000, 0x00000007c0000000)
  eden space 220160K, 0% used [0x000000076bf80000,0x000000076bf80000,0x0000000779680000)
  from space 17920K, 57% used [0x0000000779680000,0x000000077a08ab08,0x000000077a800000)
  to   space 17408K, 0% used [0x000000077eb00000,0x000000077eb00000,0x000000077fc00000)
 ParOldGen       total 144896K, used 19287K [0x00000006c3e00000, 0x00000006ccb80000, 0x000000076bf80000)
  object space 144896K, 13% used [0x00000006c3e00000,0x00000006c50d5f50,0x00000006ccb80000)
 Metaspace       used 55504K, capacity 58882K, committed 59028K, reserved 1099776K
  class space    used 7600K, capacity 8178K, committed 8192K, reserved 1048576K
Event: 10.334 GC heap after
Heap after GC invocations=12 (full 3):
 PSYoungGen      total 238080K, used 0K [0x000000076bf80000, 0x000000077fc00000, 0x00000007c0000000)
  eden space 220160K, 0% used [0x000000076bf80000,0x000000076bf80000,0x0000000779680000)
  from space 17920K, 0% used [0x0000000779680000,0x0000000779680000,0x000000077a800000)
  to   space 17408K, 0% used [0x000000077eb00000,0x000000077eb00000,0x000000077fc00000)
 ParOldGen       total 201216K, used 21635K [0x00000006c3e00000, 0x00000006d0280000, 0x000000076bf80000)
  object space 201216K, 10% used [0x00000006c3e00000,0x00000006c5320d68,0x00000006d0280000)
 Metaspace       used 55500K, capacity 58876K, committed 59028K, reserved 1099776K
  class space    used 7599K, capacity 8177K, committed 8192K, reserved 1048576K
}
Event: 11.776 GC heap before
{Heap before GC invocations=13 (full 3):
 PSYoungGen      total 238080K, used 220160K [0x000000076bf80000, 0x000000077fc00000, 0x00000007c0000000)
  eden space 220160K, 100% used [0x000000076bf80000,0x0000000779680000,0x0000000779680000)
  from space 17920K, 0% used [0x0000000779680000,0x0000000779680000,0x000000077a800000)
  to   space 17408K, 0% used [0x000000077eb00000,0x000000077eb00000,0x000000077fc00000)
 ParOldGen       total 201216K, used 21635K [0x00000006c3e00000, 0x00000006d0280000, 0x000000076bf80000)
  object space 201216K, 10% used [0x00000006c3e00000,0x00000006c5320d68,0x00000006d0280000)
 Metaspace       used 58819K, capacity 62560K, committed 62720K, reserved 1103872K
  class space    used 8023K, capacity 8631K, committed 8704K, reserved 1048576K
Event: 11.795 GC heap after
Heap after GC invocations=13 (full 3):
 PSYoungGen      total 289280K, used 14115K [0x000000076bf80000, 0x000000077f900000, 0x00000007c0000000)
  eden space 274944K, 0% used [0x000000076bf80000,0x000000076bf80000,0x000000077cc00000)
  from space 14336K, 98% used [0x000000077eb00000,0x000000077f8c8d80,0x000000077f900000)
  to   space 18432K, 0% used [0x000000077d500000,0x000000077d500000,0x000000077e700000)
 ParOldGen       total 201216K, used 21643K [0x00000006c3e00000, 0x00000006d0280000, 0x000000076bf80000)
  object space 201216K, 10% used [0x00000006c3e00000,0x00000006c5322d68,0x00000006d0280000)
 Metaspace       used 58819K, capacity 62560K, committed 62720K, reserved 1103872K
  class space    used 8023K, capacity 8631K, committed 8704K, reserved 1048576K
}

